<?xml version="1.0" encoding="UTF-8"?>
<!-- Generated by org.testng.reporters.JUnitReportReporter -->
<testsuite hostname="DESKTOP-8DPVRQ3" failures="0" tests="4" name="com.maven.testng.Main" time="0.007" errors="0" timestamp="2021-06-25T21:15:58 IST" skipped="0">
  <testcase classname="com.maven.testng.Main" name="loginTest" time="0.005"/>
  <system-out>
    <![CDATA[Name
Age]]>
  </system-out>
  <testcase classname="com.maven.testng.Main" name="loginTest" time="0.000"/>
  <system-out>
    <![CDATA[Ajith
41]]>
  </system-out>
  <testcase classname="com.maven.testng.Main" name="loginTest" time="0.001"/>
  <system-out>
    <![CDATA[Kamal
29]]>
  </system-out>
  <testcase classname="com.maven.testng.Main" name="loginTest" time="0.001"/>
  <system-out>
    <![CDATA[Vimal
23]]>
  </system-out>
</testsuite> <!-- com.maven.testng.Main -->
