<?xml version="1.0" encoding="UTF-8"?>
<!-- Generated by org.testng.reporters.JUnitReportReporter -->
<testsuite hostname="DESKTOP-8DPVRQ3" failures="0" tests="1" name="com.maven.testng.Main" time="0.008" errors="0" timestamp="2021-06-25T13:36:51 IST" skipped="0">
  <testcase classname="com.maven.testng.Main" name="initialTest" time="0.008"/>
  <system-out/>
</testsuite> <!-- com.maven.testng.Main -->
